<?xml version="1.0" encoding="UTF-8"?>
<!-- Generated by org.testng.reporters.JUnitReportReporter -->
<testsuite hostname="CPLF4482E-PC" failures="0" tests="1" name="TC_Automation.TC_Automation.TestRunner" time="1.726" errors="0" timestamp="2022-10-11T18:39:03 IST" skipped="0">
  <testcase classname="TC_Automation.TC_Automation.TestRunner" name="POSTAPIVerification" time="1.726"/>
  <system-out/>
</testsuite> <!-- TC_Automation.TC_Automation.TestRunner -->
